\BOOKMARK [0][-]{chapter.6}{\376\377\000D\000i\000v\000i\000s\000i\000b\000i\000l\000i\000d\000a\000d\000e}{}% 1
\BOOKMARK [1][-]{section.7}{\376\377\000I\000n\000t\000r\000o\000d\000u\000\347\000\343\000o}{chapter.6}% 2
\BOOKMARK [1][-]{section.12}{\376\377\000N\000\372\000m\000e\000r\000o\000s\000\040\000P\000r\000i\000m\000o\000s}{chapter.6}% 3
\BOOKMARK [1][-]{section.15}{\376\377\000M\000\341\000x\000i\000m\000o\000\040\000D\000i\000v\000i\000s\000o\000r\000\040\000C\000o\000m\000u\000m}{chapter.6}% 4
\BOOKMARK [2][-]{subsection.19}{\376\377\000A\000l\000g\000o\000r\000i\000t\000m\000o\000\040\000d\000e\000\040\000E\000u\000c\000l\000i\000d\000e\000s}{section.15}% 5
\BOOKMARK [2][-]{subsection.21}{\376\377\000T\000e\000o\000r\000e\000m\000a\000\040\000d\000e\000\040\000B\000\351\000z\000o\000u\000t}{section.15}% 6
\BOOKMARK [1][-]{section.25}{\376\377\000C\000r\000i\000v\000o\000\040\000d\000e\000\040\000E\000r\000a\000s\000t\000\363\000t\000e\000l\000e\000s}{chapter.6}% 7
\BOOKMARK [1][-]{section.26}{\376\377\000P\000r\000o\000b\000l\000e\000m\000a\000s\000\040\000P\000r\000o\000p\000o\000s\000t\000o\000s}{chapter.6}% 8
\BOOKMARK [2][-]{subsection.27}{\376\377\000U\000V\000A\000-\0001\0000\0004\0000\0007}{section.26}% 9
\BOOKMARK [0][-]{chapter.29}{\376\377\000C\000o\000n\000g\000r\000u\000\352\000n\000c\000i\000a}{}% 10
\BOOKMARK [1][-]{section.30}{\376\377\000C\000o\000n\000g\000r\000u\000\352\000n\000c\000i\000a}{chapter.29}% 11
\BOOKMARK [1][-]{section.31}{\376\377\000C\000o\000n\000g\000r\000u\000\352\000n\000c\000i\000a\000\040\000L\000i\000n\000e\000a\000r}{chapter.29}% 12
\BOOKMARK [1][-]{section.32}{\376\377\000T\000e\000o\000r\000e\000m\000a\000\040\000d\000e\000\040\000F\000e\000r\000m\000a\000t\000,\000\040\000E\000u\000l\000e\000r\000\040\000e\000\040\000W\000i\000l\000s\000o\000n}{chapter.29}% 13
\BOOKMARK [2][-]{subsection.33}{\376\377\000T\000e\000o\000r\000e\000m\000a\000\040\000d\000e\000\040\000F\000e\000r\000m\000a\000t}{section.32}% 14
\BOOKMARK [1][-]{section.36}{\376\377\000T\000e\000o\000r\000e\000m\000a\000\040\000d\000o\000\040\000R\000e\000s\000t\000o\000\040\000C\000h\000i\000n\000\352\000s}{chapter.29}% 15
\BOOKMARK [1][-]{section.38}{\376\377\000P\000r\000o\000b\000l\000e\000m\000a\000s\000\040\000P\000r\000o\000p\000o\000s\000t\000o\000s}{chapter.29}% 16
\BOOKMARK [2][-]{subsection.39}{\376\377\000U\000V\000A\000-\0001\0000\0000\0009\0000}{section.38}% 17
\BOOKMARK [2][-]{subsection.41}{\376\377\000C\000o\000d\000e\000C\000h\000e\000f\000-\000I\000I\000T\000K\0002\000P\0001\0000}{section.38}% 18
\BOOKMARK [0][-]{chapter.43}{\376\377\000F\000u\000n\000\347\000\365\000e\000s\000\040\000A\000r\000i\000t\000m\000\351\000t\000i\000c\000a\000s}{}% 19
\BOOKMARK [1][-]{section.44}{\376\377\000\040\000d\000e\000\040\000E\000u\000l\000e\000r}{chapter.43}% 20
\BOOKMARK [1][-]{section.49}{\376\377\000S\000e\000q\000u\000\352\000n\000c\000i\000a\000\040\000d\000e\000\040\000F\000i\000b\000o\000n\000a\000c\000c\000i}{chapter.43}% 21
\BOOKMARK [1][-]{section.54}{\376\377\000P\000r\000o\000b\000l\000e\000m\000a\000s\000\040\000P\000r\000o\000p\000o\000s\000t\000o\000s}{chapter.43}% 22
\BOOKMARK [2][-]{subsection.55}{\376\377\000U\000V\000A\000-\0001\0001\0004\0002\0004}{section.54}% 23
\BOOKMARK [2][-]{subsection.57}{\376\377\000T\000J\000U\000-\0003\0005\0000\0006}{section.54}% 24
\BOOKMARK [2][-]{subsection.59}{\376\377\000C\000o\000d\000e\000C\000h\000e\000f\000-\000M\000O\000D\000E\000F\000B}{section.54}% 25
\BOOKMARK [2][-]{subsection.61}{\376\377\000U\000V\000A\000-\0001\0000\0003\0001\0001}{section.54}% 26
\BOOKMARK [2][-]{subsection.63}{\376\377\000C\000o\000d\000e\000f\000o\000r\000c\000e\000s\000-\0002\0002\0007\000E}{section.54}% 27
\BOOKMARK [0][-]{chapter.65}{\376\377\000C\000o\000n\000c\000l\000u\000s\000\343\000o}{}% 28
\BOOKMARK [0][-]{appendix.66}{\376\377\000C\000u\000r\000i\000o\000s\000i\000d\000a\000d\000e\000s\000\040\000d\000a\000\040\000A\000C\000M\000-\000I\000C\000P\000C}{}% 29
\BOOKMARK [0][-]{appendix.68}{\376\377\000J\000u\000\355\000z\000e\000s\000\040\000O\000n\000l\000i\000n\000e\000\040\000\050\000O\000n\000l\000i\000n\000e\000\040\000J\000u\000d\000g\000e\000s\000\051}{}% 30
\BOOKMARK [1][-]{section.69}{\376\377\000U\000V\000a}{appendix.68}% 31
\BOOKMARK [1][-]{section.70}{\376\377\000T\000o\000p\000c\000o\000d\000e\000r}{appendix.68}% 32
\BOOKMARK [1][-]{section.71}{\376\377\000C\000o\000d\000e\000f\000o\000r\000c\000e\000s}{appendix.68}% 33
\BOOKMARK [1][-]{section.72}{\376\377\000C\000o\000d\000e\000C\000h\000e\000f}{appendix.68}% 34
\BOOKMARK [0][-]{appendix*.73}{\376\377\000B\000i\000b\000l\000i\000o\000g\000r\000a\000f\000i\000a}{}% 35
